{
  "stats": {
    "suites": 1,
    "tests": 3,
    "passes": 3,
    "pending": 0,
    "failures": 0,
    "start": "2022-12-01T02:30:34.020Z",
    "end": "2022-12-01T02:30:40.967Z",
    "duration": 6947,
    "testsRegistered": 3,
    "passPercent": 100,
    "pendingPercent": 0,
    "other": 0,
    "hasOther": false,
    "skipped": 0,
    "hasSkipped": false
  },
  "results": [
    {
      "uuid": "39948b3c-06aa-4ad5-aa94-0eaf0ddcc77a",
      "title": "",
      "fullFile": "cypress/e2e/Automation_Store/negativeTests.cy.js",
      "file": "cypress/e2e/Automation_Store/negativeTests.cy.js",
      "beforeHooks": [],
      "afterHooks": [],
      "tests": [],
      "suites": [
        {
          "uuid": "03ce41b2-212f-4000-b14e-5b6e4523c0ac",
          "title": "Negative Tests",
          "fullFile": "",
          "file": "",
          "beforeHooks": [],
          "afterHooks": [],
          "tests": [
            {
              "title": "should not complete checkout form with no first name entered",
              "fullTitle": "Negative Tests should not complete checkout form with no first name entered",
              "timedOut": null,
              "duration": 3223,
              "state": "passed",
              "speed": "fast",
              "pass": true,
              "fail": false,
              "pending": false,
              "context": null,
              "code": "//add single item to cart\n_productsPage.default.addToCart(); //navigate to cart and check item is correct\n\n_productsPage.default.navToCart(); //continue to checkout and fill out form\n\ncy.get(_cartToCheckout.default.checkoutBtn).click();\n_cartToCheckout.default.missingFirstName();\ncy.get(_cartToCheckout.default.errorMsg).should('be.visible').should('have.text', 'Error: First Name is required');",
              "err": {},
              "uuid": "4bb567fc-a440-46ed-8fa4-e3482bb3aadb",
              "parentUUID": "03ce41b2-212f-4000-b14e-5b6e4523c0ac",
              "isHook": false,
              "skipped": false
            },
            {
              "title": "should not complete checkout form with no last name entered",
              "fullTitle": "Negative Tests should not complete checkout form with no last name entered",
              "timedOut": null,
              "duration": 1879,
              "state": "passed",
              "speed": "fast",
              "pass": true,
              "fail": false,
              "pending": false,
              "context": null,
              "code": "//add single item to cart\n_productsPage.default.addToCart(); //navigate to cart and check item is correct\n\n_productsPage.default.navToCart(); //continue to checkout and fill out form\n\ncy.get(_cartToCheckout.default.checkoutBtn).click();\n_cartToCheckout.default.missingLastName();\ncy.get(_cartToCheckout.default.errorMsg).should('be.visible').should('have.text', 'Error: Last Name is required');",
              "err": {},
              "uuid": "10cbdd6f-4190-4a80-99fb-d098cf60cbc2",
              "parentUUID": "03ce41b2-212f-4000-b14e-5b6e4523c0ac",
              "isHook": false,
              "skipped": false
            },
            {
              "title": "should not complete checkout form with no zip code entered",
              "fullTitle": "Negative Tests should not complete checkout form with no zip code entered",
              "timedOut": null,
              "duration": 1798,
              "state": "passed",
              "speed": "fast",
              "pass": true,
              "fail": false,
              "pending": false,
              "context": null,
              "code": "//add single item to cart\n_productsPage.default.addToCart(); //navigate to cart and check item is correct\n\n_productsPage.default.navToCart(); //continue to checkout and fill out form\n\ncy.get(_cartToCheckout.default.checkoutBtn).click();\n_cartToCheckout.default.missingZip();\ncy.get(_cartToCheckout.default.errorMsg).should('be.visible').should('have.text', 'Error: Postal Code is required');",
              "err": {},
              "uuid": "6edb9035-0a42-4951-a7d0-466306ee567c",
              "parentUUID": "03ce41b2-212f-4000-b14e-5b6e4523c0ac",
              "isHook": false,
              "skipped": false
            }
          ],
          "suites": [],
          "passes": [
            "4bb567fc-a440-46ed-8fa4-e3482bb3aadb",
            "10cbdd6f-4190-4a80-99fb-d098cf60cbc2",
            "6edb9035-0a42-4951-a7d0-466306ee567c"
          ],
          "failures": [],
          "pending": [],
          "skipped": [],
          "duration": 6900,
          "root": false,
          "rootEmpty": false,
          "_timeout": 2000
        }
      ],
      "passes": [],
      "failures": [],
      "pending": [],
      "skipped": [],
      "duration": 0,
      "root": true,
      "rootEmpty": true,
      "_timeout": 2000
    }
  ],
  "meta": {
    "mocha": {
      "version": "7.0.1"
    },
    "mochawesome": {
      "options": {
        "quiet": false,
        "reportFilename": "mochawesome",
        "saveHtml": false,
        "saveJson": true,
        "consoleReporter": "spec",
        "useInlineDiffs": false,
        "code": true
      },
      "version": "7.1.3"
    },
    "marge": {
      "options": {
        "reportDir": "cypress/reports",
        "overwrite": false,
        "html": false,
        "json": true
      },
      "version": "6.2.0"
    }
  }
}