{
  "stats": {
    "suites": 1,
    "tests": 2,
    "passes": 2,
    "pending": 0,
    "failures": 0,
    "start": "2022-12-01T02:30:45.907Z",
    "end": "2022-12-01T02:30:48.498Z",
    "duration": 2591,
    "testsRegistered": 2,
    "passPercent": 100,
    "pendingPercent": 0,
    "other": 0,
    "hasOther": false,
    "skipped": 0,
    "hasSkipped": false
  },
  "results": [
    {
      "uuid": "64143b89-7b14-496f-8cc9-6133f8bf5267",
      "title": "",
      "fullFile": "cypress/e2e/Automation_Store/removeItem.cy.js",
      "file": "cypress/e2e/Automation_Store/removeItem.cy.js",
      "beforeHooks": [],
      "afterHooks": [],
      "tests": [],
      "suites": [
        {
          "uuid": "d589e2fd-e220-4f6f-ac25-4c3e4ea33c48",
          "title": "Remove Feature",
          "fullFile": "",
          "file": "",
          "beforeHooks": [],
          "afterHooks": [],
          "tests": [
            {
              "title": "should remove item from product list page",
              "fullTitle": "Remove Feature should remove item from product list page",
              "timedOut": null,
              "duration": 1266,
              "state": "passed",
              "speed": "fast",
              "pass": true,
              "fail": false,
              "pending": false,
              "context": null,
              "code": "//add single item to cart\n_productsPage.default.addToCart(); //check cart icon was updated and item now has a remove button\n\ncy.get(_productsPage.default.cartBadge).should('be.visible').should('have.text', '1');\ncy.get(_productsPage.default.removeBtn).should('be.visible'); //remove item and assert\n_productsPage.default.removeFromCart();\ncy.get(_productsPage.default.removeBtn).should('not.exist');\ncy.get(_productsPage.default.cartBadge).should('not.exist');\ncy.get(_productsPage.default.onsesieItem).should('have.text', \"Add to cart\");",
              "err": {},
              "uuid": "67d8bebb-b134-44af-bb49-a784f638615c",
              "parentUUID": "d589e2fd-e220-4f6f-ac25-4c3e4ea33c48",
              "isHook": false,
              "skipped": false
            },
            {
              "title": "should remove item from cart",
              "fullTitle": "Remove Feature should remove item from cart",
              "timedOut": null,
              "duration": 1285,
              "state": "passed",
              "speed": "fast",
              "pass": true,
              "fail": false,
              "pending": false,
              "context": null,
              "code": "//add items to cart\n_productsPage.default.addToCart(); //navigate to cart\n\n_productsPage.default.navToCart(); //remove item and assert\n\n_productsPage.default.removeFromCart();\ncy.get(_productsPage.default.removeBtn).should('not.exist');\ncy.contains('Sauce Labs Onesie').should('not.exist');\ncy.get(_productsPage.default.cartBadge).should('not.exist');",
              "err": {},
              "uuid": "59719638-fa39-456d-82b9-d1e9b8cd3ffa",
              "parentUUID": "d589e2fd-e220-4f6f-ac25-4c3e4ea33c48",
              "isHook": false,
              "skipped": false
            }
          ],
          "suites": [],
          "passes": [
            "67d8bebb-b134-44af-bb49-a784f638615c",
            "59719638-fa39-456d-82b9-d1e9b8cd3ffa"
          ],
          "failures": [],
          "pending": [],
          "skipped": [],
          "duration": 2551,
          "root": false,
          "rootEmpty": false,
          "_timeout": 2000
        }
      ],
      "passes": [],
      "failures": [],
      "pending": [],
      "skipped": [],
      "duration": 0,
      "root": true,
      "rootEmpty": true,
      "_timeout": 2000
    }
  ],
  "meta": {
    "mocha": {
      "version": "7.0.1"
    },
    "mochawesome": {
      "options": {
        "quiet": false,
        "reportFilename": "mochawesome",
        "saveHtml": false,
        "saveJson": true,
        "consoleReporter": "spec",
        "useInlineDiffs": false,
        "code": true
      },
      "version": "7.1.3"
    },
    "marge": {
      "options": {
        "reportDir": "cypress/reports",
        "overwrite": false,
        "html": false,
        "json": true
      },
      "version": "6.2.0"
    }
  }
}